Using pre-set license
Built from '2020.3/china_unity/release' branch; Version is '2020.3.40f1c1 (739f03df2e02) revision 7577347'; Using compiler version '192528614'; Build Type 'Release'
OS: 'Windows 10  (10.0.19045) 64bit Professional' Language: 'zh' Physical Memory: 16347 MB
BatchMode: 1, IsHumanControllingUs: 0, StartBugReporterOnCrash: 0, Is64bit: 1, IsPro: 0

COMMAND LINE ARGUMENTS:
D:\Soft\2020.3.40f1c1\Editor\Unity.exe
-adb2
-batchMode
-noUpm
-name
AssetImportWorker0
-projectPath
E:/UG/YooAsset
-logFile
Logs/AssetImportWorker0.log
-srvPort
7559
Successfully changed project path to: E:/UG/YooAsset
E:/UG/YooAsset
Using Asset Import Pipeline V2.
AS: AutoStreaming module initializing.Refreshing native plugins compatible for Editor in 55.99 ms, found 2 plugins.
Preloading 0 native plugins for Editor in 0.00 ms.
Initialize engine version: 2020.3.40f1c1 (739f03df2e02)
[Subsystems] Discovering subsystems at path D:/Soft/2020.3.40f1c1/Editor/Data/Resources/UnitySubsystems
[Subsystems] Discovering subsystems at path E:/UG/YooAsset/Assets
GfxDevice: creating device client; threaded=0
Direct3D:
    Version:  Direct3D 11.0 [level 11.1]
    Renderer: NVIDIA GeForce GTX 1060 5GB (ID=0x1c04)
    Vendor:   
    VRAM:     5022 MB
    Driver:   31.0.15.3179
Initialize mono
Mono path[0] = 'D:/Soft/2020.3.40f1c1/Editor/Data/Managed'
Mono path[1] = 'D:/Soft/2020.3.40f1c1/Editor/Data/MonoBleedingEdge/lib/mono/unityjit'
Mono config path = 'D:/Soft/2020.3.40f1c1/Editor/Data/MonoBleedingEdge/etc'
Using monoOptions --debugger-agent=transport=dt_socket,embedding=1,server=y,suspend=n,address=127.0.0.1:56652
Begin MonoManager ReloadAssembly
Registering precompiled unity dll's ...
Register platform support module: D:/Soft/2020.3.40f1c1/Editor/Data/PlaybackEngines/WindowsStandaloneSupport/UnityEditor.WindowsStandalone.Extensions.dll
Registered in 0.001480 seconds.
Native extension for WindowsStandalone target not found
Refreshing native plugins compatible for Editor in 57.90 ms, found 2 plugins.
Preloading 0 native plugins for Editor in 0.00 ms.
Mono: successfully reloaded assembly
- Completed reload, in  0.774 seconds
Domain Reload Profiling:
	ReloadAssembly (774ms)
		BeginReloadAssembly (79ms)
			ExecutionOrderSort (0ms)
			DisableScriptedObjects (0ms)
			BackupInstance (0ms)
			ReleaseScriptingObjects (0ms)
			CreateAndSetChildDomain (1ms)
		EndReloadAssembly (605ms)
			LoadAssemblies (77ms)
			RebuildTransferFunctionScriptingTraits (0ms)
			SetupTypeCache (199ms)
			ReleaseScriptCaches (0ms)
			RebuildScriptCaches (42ms)
			SetupLoadedEditorAssemblies (235ms)
				LogAssemblyErrors (0ms)
				InitializePlatformSupportModulesInManaged (5ms)
				SetLoadedEditorAssemblies (0ms)
				RefreshPlugins (58ms)
				BeforeProcessingInitializeOnLoad (16ms)
				ProcessInitializeOnLoadAttributes (117ms)
				ProcessInitializeOnLoadMethodAttributes (38ms)
				AfterProcessingInitializeOnLoad (0ms)
				EditorAssembliesLoaded (1ms)
			ExecutionOrderSort2 (0ms)
			AwakeInstancesAfterBackupRestoration (0ms)
Platform modules already initialized, skipping
Registering precompiled user dll's ...
Registered in 0.002752 seconds.
Begin MonoManager ReloadAssembly
Native extension for WindowsStandalone target not found
Refreshing native plugins compatible for Editor in 0.49 ms, found 2 plugins.
Preloading 0 native plugins for Editor in 0.00 ms.
Mono: successfully reloaded assembly
- Completed reload, in  1.432 seconds
Domain Reload Profiling:
	ReloadAssembly (1432ms)
		BeginReloadAssembly (203ms)
			ExecutionOrderSort (0ms)
			DisableScriptedObjects (7ms)
			BackupInstance (0ms)
			ReleaseScriptingObjects (0ms)
			CreateAndSetChildDomain (23ms)
		EndReloadAssembly (1154ms)
			LoadAssemblies (128ms)
			RebuildTransferFunctionScriptingTraits (0ms)
			SetupTypeCache (433ms)
			ReleaseScriptCaches (1ms)
			RebuildScriptCaches (65ms)
			SetupLoadedEditorAssemblies (421ms)
				LogAssemblyErrors (0ms)
				InitializePlatformSupportModulesInManaged (6ms)
				SetLoadedEditorAssemblies (1ms)
				RefreshPlugins (1ms)
				BeforeProcessingInitializeOnLoad (121ms)
				ProcessInitializeOnLoadAttributes (259ms)
				ProcessInitializeOnLoadMethodAttributes (31ms)
				AfterProcessingInitializeOnLoad (3ms)
				EditorAssembliesLoaded (0ms)
			ExecutionOrderSort2 (0ms)
			AwakeInstancesAfterBackupRestoration (2ms)
Platform modules already initialized, skipping
========================================================================
Worker process is ready to serve import requests
Launched and connected shader compiler UnityShaderCompiler.exe after 0.10 seconds
Refreshing native plugins compatible for Editor in 0.48 ms, found 2 plugins.
Preloading 0 native plugins for Editor in 0.00 ms.
Unloading 2148 Unused Serialized files (Serialized files now loaded: 0)
System memory in use before: 89.0 MB.
System memory in use after: 89.1 MB.

Unloading 16 unused Assets to reduce memory usage. Loaded Objects now: 2587.
Total: 3.351400 ms (FindLiveObjects: 0.157300 ms CreateObjectMapping: 0.091300 ms MarkObjects: 3.017200 ms  DeleteObjects: 0.084100 ms)

AssetImportParameters requested are different than current active one (requested -> active):
  custom:framework-win-MediaFoundation: 216162199b28c13a410421893ffa2e32 -> 
  custom:video-decoder-ogg-theora: a1e56fd34408186e4bbccfd4996cb3dc -> 
  custom:container-muxer-webm: aa71ff27fc2769a1b78a27578f13a17b -> 
  custom:container-demuxer-webm: 4f35f7cbe854078d1ac9338744f61a02 -> 
  custom:container-demuxer-ogg: 62fdf1f143b41e24485cea50d1cbac27 -> 
  custom:video-encoder-webm-vp8: eb34c28f22e8b96e1ab97ce403110664 -> 
  custom:video-decoder-webm-vp8: 9c59270c3fd7afecdb556c50c9e8de78 -> 
  custom:audio-decoder-ogg-vorbis: bf7c407c2cedff20999df2af8eb42d56 -> 
  custom:audio-encoder-webm-vorbis: bf7c407c2cedff20999df2af8eb42d56 -> 
========================================================================
Received Import Request.
  path: Assets/YooAsset/Samples/Space Shooter
  artifactKey: Guid(e0e9b24f4f0c31545a02f94e951bc9d8) Importer(815301076,1909f56bfc062723c751e8b465ee728b)
Start importing Assets/YooAsset/Samples/Space Shooter using Guid(e0e9b24f4f0c31545a02f94e951bc9d8) Importer(815301076,1909f56bfc062723c751e8b465ee728b)  -> (artifact id: 'f5b4b39923de454dbf5add68a1b4b598') in 0.005773 seconds 
========================================================================
Received Import Request.
  Time since last request: 0.000276 seconds.
  path: Assets/YooAsset/Runtime
  artifactKey: Guid(40472229e23f3314f9a7123ad2d6e1e4) Importer(815301076,1909f56bfc062723c751e8b465ee728b)
Start importing Assets/YooAsset/Runtime using Guid(40472229e23f3314f9a7123ad2d6e1e4) Importer(815301076,1909f56bfc062723c751e8b465ee728b)  -> (artifact id: 'fbb9f2edc46d8eece62a4497bb2b4a77') in 0.016809 seconds 
========================================================================
Received Import Request.
  Time since last request: 0.000212 seconds.
  path: Assets/YooAsset/Samples
  artifactKey: Guid(955801ee460dfec40868caa06fa65f50) Importer(815301076,1909f56bfc062723c751e8b465ee728b)
Start importing Assets/YooAsset/Samples using Guid(955801ee460dfec40868caa06fa65f50) Importer(815301076,1909f56bfc062723c751e8b465ee728b)  -> (artifact id: '200b8e5c5ddf5cbc411e6d272adb1260') in 0.018444 seconds 
========================================================================
Received Import Request.
  Time since last request: 0.000266 seconds.
  path: Assets/YooAsset/Samples/Space Shooter/GameScript
  artifactKey: Guid(68f7a10d23502e54a9d548a02a6fe12d) Importer(815301076,1909f56bfc062723c751e8b465ee728b)
Start importing Assets/YooAsset/Samples/Space Shooter/GameScript using Guid(68f7a10d23502e54a9d548a02a6fe12d) Importer(815301076,1909f56bfc062723c751e8b465ee728b)  -> (artifact id: '018ddb243ca20c091d9d3a4f8494c8f8') in 0.002983 seconds 
========================================================================
Received Import Request.
  Time since last request: 4.019982 seconds.
  path: Assets/YooAsset/Samples/Extension Sample
  artifactKey: Guid(b03c990ab10d8dc479d294d70f7c31a0) Importer(815301076,1909f56bfc062723c751e8b465ee728b)
Start importing Assets/YooAsset/Samples/Extension Sample using Guid(b03c990ab10d8dc479d294d70f7c31a0) Importer(815301076,1909f56bfc062723c751e8b465ee728b)  -> (artifact id: 'a75552f9c55079c683ab3a4599249462') in 0.002939 seconds 
========================================================================
Received Import Request.
  Time since last request: 0.891509 seconds.
  path: Assets/YooAsset/Samples/Extension Sample/Scripts
  artifactKey: Guid(b073fca11bf0abf4f8dbfc9f70e1f9bf) Importer(815301076,1909f56bfc062723c751e8b465ee728b)
Start importing Assets/YooAsset/Samples/Extension Sample/Scripts using Guid(b073fca11bf0abf4f8dbfc9f70e1f9bf) Importer(815301076,1909f56bfc062723c751e8b465ee728b)  -> (artifact id: 'fa4b9fe2ffcf870161ae410bb26b8d1d') in 0.003774 seconds 
========================================================================
Received Import Request.
  Time since last request: 0.647166 seconds.
  path: Assets/YooAsset/Samples/Extension Sample/Scripts/Editor
  artifactKey: Guid(83541de392f5489438a81cb60f751e9c) Importer(815301076,1909f56bfc062723c751e8b465ee728b)
Start importing Assets/YooAsset/Samples/Extension Sample/Scripts/Editor using Guid(83541de392f5489438a81cb60f751e9c) Importer(815301076,1909f56bfc062723c751e8b465ee728b)  -> (artifact id: '453f739fdaba759b990c5bea96f18ef0') in 0.003174 seconds 
========================================================================
Received Import Request.
  Time since last request: 0.464603 seconds.
  path: Assets/YooAsset/Samples/Extension Sample/Scripts/Runtime
  artifactKey: Guid(6816dd00c9cfdce4d9386c0b3088b843) Importer(815301076,1909f56bfc062723c751e8b465ee728b)
Start importing Assets/YooAsset/Samples/Extension Sample/Scripts/Runtime using Guid(6816dd00c9cfdce4d9386c0b3088b843) Importer(815301076,1909f56bfc062723c751e8b465ee728b)  -> (artifact id: '4d55bb9261836b3d8683d64591d65a3a') in 0.003207 seconds 
========================================================================
Received Import Request.
  Time since last request: 8.235202 seconds.
  path: Assets/YooAsset/Samples/Space Shooter/Resources
  artifactKey: Guid(9aad929587001754ea117984bb4251de) Importer(815301076,1909f56bfc062723c751e8b465ee728b)
Start importing Assets/YooAsset/Samples/Space Shooter/Resources using Guid(9aad929587001754ea117984bb4251de) Importer(815301076,1909f56bfc062723c751e8b465ee728b)  -> (artifact id: 'ded57d6a853190d8c627da90f6d40ceb') in 0.003612 seconds 
========================================================================
Received Import Request.
  Time since last request: 1.880546 seconds.
  path: Assets/YooAsset/Samples/Space Shooter/ThirdParty
  artifactKey: Guid(af3998ac960c12c419cbfdb0df4c4f20) Importer(815301076,1909f56bfc062723c751e8b465ee728b)
Start importing Assets/YooAsset/Samples/Space Shooter/ThirdParty using Guid(af3998ac960c12c419cbfdb0df4c4f20) Importer(815301076,1909f56bfc062723c751e8b465ee728b)  -> (artifact id: '041be73896899501e29d2e60161864cc') in 0.003277 seconds 
========================================================================
Received Import Request.
  Time since last request: 1.203972 seconds.
  path: Assets/YooAsset/Samples/Space Shooter/ThirdParty/UniFramework
  artifactKey: Guid(eb9a320b68b1078468ead3c9a8e9a98a) Importer(815301076,1909f56bfc062723c751e8b465ee728b)
Start importing Assets/YooAsset/Samples/Space Shooter/ThirdParty/UniFramework using Guid(eb9a320b68b1078468ead3c9a8e9a98a) Importer(815301076,1909f56bfc062723c751e8b465ee728b)  -> (artifact id: '5064f129aacf362f1d385c899ba89fcf') in 0.003763 seconds 
========================================================================
Received Import Request.
  Time since last request: 3.303893 seconds.
  path: Assets/YooAsset/Samples/Space Shooter/ThirdParty/UniFramework/UniMachine
  artifactKey: Guid(72dcc846338391f44a4134c21f94723a) Importer(815301076,1909f56bfc062723c751e8b465ee728b)
Start importing Assets/YooAsset/Samples/Space Shooter/ThirdParty/UniFramework/UniMachine using Guid(72dcc846338391f44a4134c21f94723a) Importer(815301076,1909f56bfc062723c751e8b465ee728b)  -> (artifact id: '0f32b6fd61e3644275bc80b580e0b14e') in 0.003400 seconds 
========================================================================
Received Import Request.
  Time since last request: 1.620431 seconds.
  path: Assets/YooAsset/Samples/Space Shooter/ThirdParty/UniFramework/UniMachine/Runtime
  artifactKey: Guid(26f3a6fd3a4f2a247a53a37334fd7624) Importer(815301076,1909f56bfc062723c751e8b465ee728b)
Start importing Assets/YooAsset/Samples/Space Shooter/ThirdParty/UniFramework/UniMachine/Runtime using Guid(26f3a6fd3a4f2a247a53a37334fd7624) Importer(815301076,1909f56bfc062723c751e8b465ee728b)  -> (artifact id: 'cef92e7d1e1fdeddfb229db71d5b54a2') in 0.002394 seconds 
========================================================================
Received Import Request.
  Time since last request: 34.099339 seconds.
  path: Assets/YooAsset/Samples/Space Shooter/ThirdParty/UniFramework/UniEvent/Runtime
  artifactKey: Guid(e86e06e6a95e6cc43940623bcc15721c) Importer(815301076,1909f56bfc062723c751e8b465ee728b)
Start importing Assets/YooAsset/Samples/Space Shooter/ThirdParty/UniFramework/UniEvent/Runtime using Guid(e86e06e6a95e6cc43940623bcc15721c) Importer(815301076,1909f56bfc062723c751e8b465ee728b)  -> (artifact id: '484b1332c6e1db6d7d4d0c91d202098f') in 0.002936 seconds 
========================================================================
Received Import Request.
  Time since last request: 11.817942 seconds.
  path: Assets/YooAsset/Samples/Space Shooter/ThirdParty/UniFramework/UniAnimation/Runtime
  artifactKey: Guid(8664294e17a47c14c8d12545da2349a1) Importer(815301076,1909f56bfc062723c751e8b465ee728b)
Start importing Assets/YooAsset/Samples/Space Shooter/ThirdParty/UniFramework/UniAnimation/Runtime using Guid(8664294e17a47c14c8d12545da2349a1) Importer(815301076,1909f56bfc062723c751e8b465ee728b)  -> (artifact id: 'd829c4fcae2d4310743f1b16c7c9570a') in 0.002748 seconds 
========================================================================
Received Import Request.
  Time since last request: 7.959820 seconds.
  path: Assets/YooAsset/Samples/Space Shooter/ThirdParty/UniFramework/UniAnimation/Runtime/AnimMixer.cs
  artifactKey: Guid(b33204afd07c00c4f8b425276778b8bf) Importer(815301076,1909f56bfc062723c751e8b465ee728b)
Start importing Assets/YooAsset/Samples/Space Shooter/ThirdParty/UniFramework/UniAnimation/Runtime/AnimMixer.cs using Guid(b33204afd07c00c4f8b425276778b8bf) Importer(815301076,1909f56bfc062723c751e8b465ee728b)  -> (artifact id: '5170b6f26a7f0681d68f79c99c5070ff') in 0.016993 seconds 
========================================================================
Received Import Request.
  Time since last request: 0.550221 seconds.
  path: Assets/YooAsset/Samples/Space Shooter/ThirdParty/UniFramework/UniAnimation/Runtime/AnimPlayable.cs
  artifactKey: Guid(772b8a9edd8466646bab12d6f5ba1084) Importer(815301076,1909f56bfc062723c751e8b465ee728b)
Start importing Assets/YooAsset/Samples/Space Shooter/ThirdParty/UniFramework/UniAnimation/Runtime/AnimPlayable.cs using Guid(772b8a9edd8466646bab12d6f5ba1084) Importer(815301076,1909f56bfc062723c751e8b465ee728b)  -> (artifact id: '5b5d1012b3d2327d177630da7caf9950') in 0.002484 seconds 
========================================================================
Received Import Request.
  Time since last request: 1.426317 seconds.
  path: Assets/YooAsset/Samples/Space Shooter/ThirdParty/UniFramework/UniAnimation/Runtime/AnimState.cs
  artifactKey: Guid(5660d9e37e5c2a44f818506c9fe76624) Importer(815301076,1909f56bfc062723c751e8b465ee728b)
Start importing Assets/YooAsset/Samples/Space Shooter/ThirdParty/UniFramework/UniAnimation/Runtime/AnimState.cs using Guid(5660d9e37e5c2a44f818506c9fe76624) Importer(815301076,1909f56bfc062723c751e8b465ee728b)  -> (artifact id: '9a9f1fff31e62d99afcfea98a6902188') in 0.002645 seconds 
========================================================================
Received Import Request.
  Time since last request: 47.825981 seconds.
  path: Assets/YooAsset/Samples/Space Shooter/ThirdParty/UniFramework/UniMachine/Runtime/IStateNode.cs
  artifactKey: Guid(40fe73297598be84fb8dadedd4dd17e6) Importer(815301076,1909f56bfc062723c751e8b465ee728b)
Start importing Assets/YooAsset/Samples/Space Shooter/ThirdParty/UniFramework/UniMachine/Runtime/IStateNode.cs using Guid(40fe73297598be84fb8dadedd4dd17e6) Importer(815301076,1909f56bfc062723c751e8b465ee728b)  -> (artifact id: 'a4a274895e3d269f678d609acbeed497') in 0.036155 seconds 
========================================================================
Received Import Request.
  Time since last request: 0.462052 seconds.
  path: Assets/YooAsset/Samples/Space Shooter/ThirdParty/UniFramework/UniMachine/Runtime/StateMachine.cs
  artifactKey: Guid(bcbf86a86eb115a41b6aa61fb0945d43) Importer(815301076,1909f56bfc062723c751e8b465ee728b)
Start importing Assets/YooAsset/Samples/Space Shooter/ThirdParty/UniFramework/UniMachine/Runtime/StateMachine.cs using Guid(bcbf86a86eb115a41b6aa61fb0945d43) Importer(815301076,1909f56bfc062723c751e8b465ee728b)  -> (artifact id: 'bd26e8797c065aa1a7c58810a04fa337') in 0.031250 seconds 
========================================================================
Received Prepare
Registering precompiled user dll's ...
Registered in 0.002546 seconds.
Begin MonoManager ReloadAssembly
Native extension for WindowsStandalone target not found
Refreshing native plugins compatible for Editor in 0.65 ms, found 2 plugins.
Preloading 0 native plugins for Editor in 0.00 ms.
Mono: successfully reloaded assembly
- Completed reload, in  1.347 seconds
Domain Reload Profiling:
	ReloadAssembly (1347ms)
		BeginReloadAssembly (149ms)
			ExecutionOrderSort (0ms)
			DisableScriptedObjects (7ms)
			BackupInstance (0ms)
			ReleaseScriptingObjects (0ms)
			CreateAndSetChildDomain (44ms)
		EndReloadAssembly (1123ms)
			LoadAssemblies (136ms)
			RebuildTransferFunctionScriptingTraits (0ms)
			SetupTypeCache (438ms)
			ReleaseScriptCaches (1ms)
			RebuildScriptCaches (59ms)
			SetupLoadedEditorAssemblies (379ms)
				LogAssemblyErrors (0ms)
				InitializePlatformSupportModulesInManaged (6ms)
				SetLoadedEditorAssemblies (1ms)
				RefreshPlugins (1ms)
				BeforeProcessingInitializeOnLoad (106ms)
				ProcessInitializeOnLoadAttributes (235ms)
				ProcessInitializeOnLoadMethodAttributes (28ms)
				AfterProcessingInitializeOnLoad (3ms)
				EditorAssembliesLoaded (0ms)
			ExecutionOrderSort2 (0ms)
			AwakeInstancesAfterBackupRestoration (2ms)
Platform modules already initialized, skipping
Refreshing native plugins compatible for Editor in 0.50 ms, found 2 plugins.
Preloading 0 native plugins for Editor in 0.00 ms.
Unloading 2143 Unused Serialized files (Serialized files now loaded: 0)
System memory in use before: 88.8 MB.
System memory in use after: 88.9 MB.

Unloading 11 unused Assets to reduce memory usage. Loaded Objects now: 2594.
Total: 3.396000 ms (FindLiveObjects: 0.154600 ms CreateObjectMapping: 0.088600 ms MarkObjects: 3.114500 ms  DeleteObjects: 0.037000 ms)

AssetImportParameters requested are different than current active one (requested -> active):
  custom:framework-win-MediaFoundation: 216162199b28c13a410421893ffa2e32 -> 
  custom:video-decoder-ogg-theora: a1e56fd34408186e4bbccfd4996cb3dc -> 
  custom:container-muxer-webm: aa71ff27fc2769a1b78a27578f13a17b -> 
  custom:container-demuxer-webm: 4f35f7cbe854078d1ac9338744f61a02 -> 
  custom:container-demuxer-ogg: 62fdf1f143b41e24485cea50d1cbac27 -> 
  custom:video-encoder-webm-vp8: eb34c28f22e8b96e1ab97ce403110664 -> 
  custom:video-decoder-webm-vp8: 9c59270c3fd7afecdb556c50c9e8de78 -> 
  custom:audio-decoder-ogg-vorbis: bf7c407c2cedff20999df2af8eb42d56 -> 
  custom:audio-encoder-webm-vorbis: bf7c407c2cedff20999df2af8eb42d56 -> 
========================================================================
Received Import Request.
  Time since last request: 324.598054 seconds.
  path: Assets/GF/Scripts
  artifactKey: Guid(cd537b1fd7bebe945a97e74d3612ba07) Importer(815301076,1909f56bfc062723c751e8b465ee728b)
Start importing Assets/GF/Scripts using Guid(cd537b1fd7bebe945a97e74d3612ba07) Importer(815301076,1909f56bfc062723c751e8b465ee728b)  -> (artifact id: '1c2434b748cf44901cbf050e1e6b7b8e') in 0.007378 seconds 
========================================================================
Received Import Request.
  Time since last request: 0.665714 seconds.
  path: Assets/GF/Scripts/Fsm
  artifactKey: Guid(19830a3cfcfb741419f1f66637a5aa42) Importer(815301076,1909f56bfc062723c751e8b465ee728b)
Start importing Assets/GF/Scripts/Fsm using Guid(19830a3cfcfb741419f1f66637a5aa42) Importer(815301076,1909f56bfc062723c751e8b465ee728b)  -> (artifact id: '6f0661cc01558d929c20b8f5be693bd1') in 0.003854 seconds 
========================================================================
Received Import Request.
  Time since last request: 5.028099 seconds.
  path: Assets/GF/Scripts/Fsm/FsmManager.cs
  artifactKey: Guid(3bb0332d60e990e4ca6d6c1bd28f9b48) Importer(815301076,1909f56bfc062723c751e8b465ee728b)
Start importing Assets/GF/Scripts/Fsm/FsmManager.cs using Guid(3bb0332d60e990e4ca6d6c1bd28f9b48) Importer(815301076,1909f56bfc062723c751e8b465ee728b)  -> (artifact id: 'e5e9044dc330da1516e1687bb941902b') in 0.005756 seconds 
========================================================================
Received Prepare
Registering precompiled user dll's ...
Registered in 0.002482 seconds.
Begin MonoManager ReloadAssembly
Native extension for WindowsStandalone target not found
Refreshing native plugins compatible for Editor in 0.51 ms, found 2 plugins.
Preloading 0 native plugins for Editor in 0.00 ms.
Mono: successfully reloaded assembly
- Completed reload, in  1.564 seconds
Domain Reload Profiling:
	ReloadAssembly (1564ms)
		BeginReloadAssembly (182ms)
			ExecutionOrderSort (0ms)
			DisableScriptedObjects (10ms)
			BackupInstance (0ms)
			ReleaseScriptingObjects (0ms)
			CreateAndSetChildDomain (64ms)
		EndReloadAssembly (1302ms)
			LoadAssemblies (142ms)
			RebuildTransferFunctionScriptingTraits (0ms)
			SetupTypeCache (494ms)
			ReleaseScriptCaches (1ms)
			RebuildScriptCaches (70ms)
			SetupLoadedEditorAssemblies (476ms)
				LogAssemblyErrors (0ms)
				InitializePlatformSupportModulesInManaged (7ms)
				SetLoadedEditorAssemblies (1ms)
				RefreshPlugins (1ms)
				BeforeProcessingInitializeOnLoad (114ms)
				ProcessInitializeOnLoadAttributes (321ms)
				ProcessInitializeOnLoadMethodAttributes (29ms)
				AfterProcessingInitializeOnLoad (3ms)
				EditorAssembliesLoaded (0ms)
			ExecutionOrderSort2 (0ms)
			AwakeInstancesAfterBackupRestoration (3ms)
Platform modules already initialized, skipping
Refreshing native plugins compatible for Editor in 0.49 ms, found 2 plugins.
Preloading 0 native plugins for Editor in 0.00 ms.
Unloading 2143 Unused Serialized files (Serialized files now loaded: 0)
System memory in use before: 88.8 MB.
System memory in use after: 88.9 MB.

Unloading 12 unused Assets to reduce memory usage. Loaded Objects now: 2597.
Total: 3.981000 ms (FindLiveObjects: 0.204500 ms CreateObjectMapping: 0.126800 ms MarkObjects: 3.616900 ms  DeleteObjects: 0.031300 ms)

AssetImportParameters requested are different than current active one (requested -> active):
  custom:framework-win-MediaFoundation: 216162199b28c13a410421893ffa2e32 -> 
  custom:video-decoder-ogg-theora: a1e56fd34408186e4bbccfd4996cb3dc -> 
  custom:container-muxer-webm: aa71ff27fc2769a1b78a27578f13a17b -> 
  custom:container-demuxer-webm: 4f35f7cbe854078d1ac9338744f61a02 -> 
  custom:container-demuxer-ogg: 62fdf1f143b41e24485cea50d1cbac27 -> 
  custom:video-encoder-webm-vp8: eb34c28f22e8b96e1ab97ce403110664 -> 
  custom:video-decoder-webm-vp8: 9c59270c3fd7afecdb556c50c9e8de78 -> 
  custom:audio-decoder-ogg-vorbis: bf7c407c2cedff20999df2af8eb42d56 -> 
  custom:audio-encoder-webm-vorbis: bf7c407c2cedff20999df2af8eb42d56 -> 
========================================================================
Received Import Request.
  Time since last request: 1646.059103 seconds.
  path: Assets/GF/Scripts/Fsm/FsmManager.cs
  artifactKey: Guid(3bb0332d60e990e4ca6d6c1bd28f9b48) Importer(815301076,1909f56bfc062723c751e8b465ee728b)
Start importing Assets/GF/Scripts/Fsm/FsmManager.cs using Guid(3bb0332d60e990e4ca6d6c1bd28f9b48) Importer(815301076,1909f56bfc062723c751e8b465ee728b)  -> (artifact id: 'a214efe20a11c7845a1db08757435a42') in 0.006163 seconds 
